<?xml version="1.0" encoding="UTF-8"?>
<testsuite xmlns:xsi="http://www.w3.org/2001/XMLSchema-instance" xsi:noNamespaceSchemaLocation="https://maven.apache.org/surefire/maven-surefire-plugin/xsd/surefire-test-report-3.0.xsd" version="3.0" name="com.santander.agencia.service.AgenciaServiceTest" time="2.715" tests="13" errors="2" skipped="0" failures="0">
  <properties>
[...]
</properties>
  <testcase name="deveBuscarAgenciasProximasComSucesso" classname="com.santander.agencia.service.AgenciaServiceTest" time="2.485">
    <error message="Erro interno ao buscar agências próximas" type="java.lang.RuntimeException"><![CDATA[java.lang.RuntimeException: Erro interno ao buscar agências próximas
	at com.santander.agencia.service.AgenciaService.buscarAgenciasProximas(AgenciaService.java:110)
	at com.santander.agencia.service.AgenciaServiceTest.deveBuscarAgenciasProximasComSucesso(AgenciaServiceTest.java:124)
	at java.base/java.lang.reflect.Method.invoke(Method.java:580)
	at java.base/java.util.ArrayList.forEach(ArrayList.java:1596)
	at java.base/java.util.ArrayList.forEach(ArrayList.java:1596)
Caused by: org.mockito.exceptions.misusing.PotentialStubbingProblem: 
Strict stubbing argument mismatch. Please check:
 - this invocation of 'findAgenciasProximasComDistancia' method:
    agenciaRepository.findAgenciasProximasComDistancia(
    0.0d,
    0.0d,
    null
);
    -> at com.santander.agencia.service.AgenciaService.buscarAgenciasProximas(AgenciaService.java:91)
 - has following stubbing(s) with different arguments:
    1. agenciaRepository.findAgenciasProximasComDistancia(
    0.0d,
    0.0d,
    1000
);
      -> at com.santander.agencia.service.AgenciaServiceTest.deveBuscarAgenciasProximasComSucesso(AgenciaServiceTest.java:120)
Typically, stubbing argument mismatch indicates user mistake when writing tests.
Mockito fails early so that you can debug potential problem easily.
However, there are legit scenarios when this exception generates false negative signal:
  - stubbing the same method multiple times using 'given().will()' or 'when().then()' API
    Please use 'will().given()' or 'doReturn().when()' API for stubbing.
  - stubbed method is intentionally invoked with different arguments by code under test
    Please use default or 'silent' JUnit Rule (equivalent of Strictness.LENIENT).
For more information see javadoc for PotentialStubbingProblem class.
	at com.santander.agencia.service.AgenciaService.buscarAgenciasProximas(AgenciaService.java:91)
	... 4 more
]]></error>
    <system-out><![CDATA[14:16:07.064 [main] INFO com.santander.agencia.service.AgenciaService -- Buscando agências próximas à posição (0.0, 0.0)
14:16:07.098 [main] ERROR com.santander.agencia.service.AgenciaService -- Erro ao buscar agências próximas: 
Strict stubbing argument mismatch. Please check:
 - this invocation of 'findAgenciasProximasComDistancia' method:
    agenciaRepository.findAgenciasProximasComDistancia(
    0.0d,
    0.0d,
    null
);
    -> at com.santander.agencia.service.AgenciaService.buscarAgenciasProximas(AgenciaService.java:91)
 - has following stubbing(s) with different arguments:
    1. agenciaRepository.findAgenciasProximasComDistancia(
    0.0d,
    0.0d,
    1000
);
      -> at com.santander.agencia.service.AgenciaServiceTest.deveBuscarAgenciasProximasComSucesso(AgenciaServiceTest.java:120)
Typically, stubbing argument mismatch indicates user mistake when writing tests.
Mockito fails early so that you can debug potential problem easily.
However, there are legit scenarios when this exception generates false negative signal:
  - stubbing the same method multiple times using 'given().will()' or 'when().then()' API
    Please use 'will().given()' or 'doReturn().when()' API for stubbing.
  - stubbed method is intentionally invoked with different arguments by code under test
    Please use default or 'silent' JUnit Rule (equivalent of Strictness.LENIENT).
For more information see javadoc for PotentialStubbingProblem class.
org.mockito.exceptions.misusing.PotentialStubbingProblem: 
Strict stubbing argument mismatch. Please check:
 - this invocation of 'findAgenciasProximasComDistancia' method:
    agenciaRepository.findAgenciasProximasComDistancia(
    0.0d,
    0.0d,
    null
);
    -> at com.santander.agencia.service.AgenciaService.buscarAgenciasProximas(AgenciaService.java:91)
 - has following stubbing(s) with different arguments:
    1. agenciaRepository.findAgenciasProximasComDistancia(
    0.0d,
    0.0d,
    1000
);
      -> at com.santander.agencia.service.AgenciaServiceTest.deveBuscarAgenciasProximasComSucesso(AgenciaServiceTest.java:120)
Typically, stubbing argument mismatch indicates user mistake when writing tests.
Mockito fails early so that you can debug potential problem easily.
However, there are legit scenarios when this exception generates false negative signal:
  - stubbing the same method multiple times using 'given().will()' or 'when().then()' API
    Please use 'will().given()' or 'doReturn().when()' API for stubbing.
  - stubbed method is intentionally invoked with different arguments by code under test
    Please use default or 'silent' JUnit Rule (equivalent of Strictness.LENIENT).
For more information see javadoc for PotentialStubbingProblem class.
	at com.santander.agencia.service.AgenciaService.buscarAgenciasProximas(AgenciaService.java:91)
	at com.santander.agencia.service.AgenciaServiceTest.deveBuscarAgenciasProximasComSucesso(AgenciaServiceTest.java:124)
	at java.base/jdk.internal.reflect.DirectMethodHandleAccessor.invoke(DirectMethodHandleAccessor.java:103)
	at java.base/java.lang.reflect.Method.invoke(Method.java:580)
	at org.junit.platform.commons.util.ReflectionUtils.invokeMethod(ReflectionUtils.java:728)
	at org.junit.jupiter.engine.execution.MethodInvocation.proceed(MethodInvocation.java:60)
	at org.junit.jupiter.engine.execution.InvocationInterceptorChain$ValidatingInvocation.proceed(InvocationInterceptorChain.java:131)
	at org.junit.jupiter.engine.extension.TimeoutExtension.intercept(TimeoutExtension.java:156)
	at org.junit.jupiter.engine.extension.TimeoutExtension.interceptTestableMethod(TimeoutExtension.java:147)
	at org.junit.jupiter.engine.extension.TimeoutExtension.interceptTestMethod(TimeoutExtension.java:86)
	at org.junit.jupiter.engine.execution.InterceptingExecutableInvoker$ReflectiveInterceptorCall.lambda$ofVoidMethod$0(InterceptingExecutableInvoker.java:103)
	at org.junit.jupiter.engine.execution.InterceptingExecutableInvoker.lambda$invoke$0(InterceptingExecutableInvoker.java:93)
	at org.junit.jupiter.engine.execution.InvocationInterceptorChain$InterceptedInvocation.proceed(InvocationInterceptorChain.java:106)
	at org.junit.jupiter.engine.execution.InvocationInterceptorChain.proceed(InvocationInterceptorChain.java:64)
	at org.junit.jupiter.engine.execution.InvocationInterceptorChain.chainAndInvoke(InvocationInterceptorChain.java:45)
	at org.junit.jupiter.engine.execution.InvocationInterceptorChain.invoke(InvocationInterceptorChain.java:37)
	at org.junit.jupiter.engine.execution.InterceptingExecutableInvoker.invoke(InterceptingExecutableInvoker.java:92)
	at org.junit.jupiter.engine.execution.InterceptingExecutableInvoker.invoke(InterceptingExecutableInvoker.java:86)
	at org.junit.jupiter.engine.descriptor.TestMethodTestDescriptor.lambda$invokeTestMethod$7(TestMethodTestDescriptor.java:218)
	at org.junit.platform.engine.support.hierarchical.ThrowableCollector.execute(ThrowableCollector.java:73)
	at org.junit.jupiter.engine.descriptor.TestMethodTestDescriptor.invokeTestMethod(TestMethodTestDescriptor.java:214)
	at org.junit.jupiter.engine.descriptor.TestMethodTestDescriptor.execute(TestMethodTestDescriptor.java:139)
	at org.junit.jupiter.engine.descriptor.TestMethodTestDescriptor.execute(TestMethodTestDescriptor.java:69)
	at org.junit.platform.engine.support.hierarchical.NodeTestTask.lambda$executeRecursively$6(NodeTestTask.java:151)
	at org.junit.platform.engine.support.hierarchical.ThrowableCollector.execute(ThrowableCollector.java:73)
	at org.junit.platform.engine.support.hierarchical.NodeTestTask.lambda$executeRecursively$8(NodeTestTask.java:141)
	at org.junit.platform.engine.support.hierarchical.Node.around(Node.java:137)
	at org.junit.platform.engine.support.hierarchical.NodeTestTask.lambda$executeRecursively$9(NodeTestTask.java:139)
	at org.junit.platform.engine.support.hierarchical.ThrowableCollector.execute(ThrowableCollector.java:73)
	at org.junit.platform.engine.support.hierarchical.NodeTestTask.executeRecursively(NodeTestTask.java:138)
	at org.junit.platform.engine.support.hierarchical.NodeTestTask.execute(NodeTestTask.java:95)
	at java.base/java.util.ArrayList.forEach(ArrayList.java:1596)
	at org.junit.platform.engine.support.hierarchical.SameThreadHierarchicalTestExecutorService.invokeAll(SameThreadHierarchicalTestExecutorService.java:41)
	at org.junit.platform.engine.support.hierarchical.NodeTestTask.lambda$executeRecursively$6(NodeTestTask.java:155)
	at org.junit.platform.engine.support.hierarchical.ThrowableCollector.execute(ThrowableCollector.java:73)
	at org.junit.platform.engine.support.hierarchical.NodeTestTask.lambda$executeRecursively$8(NodeTestTask.java:141)
	at org.junit.platform.engine.support.hierarchical.Node.around(Node.java:137)
	at org.junit.platform.engine.support.hierarchical.NodeTestTask.lambda$executeRecursively$9(NodeTestTask.java:139)
	at org.junit.platform.engine.support.hierarchical.ThrowableCollector.execute(ThrowableCollector.java:73)
	at org.junit.platform.engine.support.hierarchical.NodeTestTask.executeRecursively(NodeTestTask.java:138)
	at org.junit.platform.engine.support.hierarchical.NodeTestTask.execute(NodeTestTask.java:95)
	at java.base/java.util.ArrayList.forEach(ArrayList.java:1596)
	at org.junit.platform.engine.support.hierarchical.SameThreadHierarchicalTestExecutorService.invokeAll(SameThreadHierarchicalTestExecutorService.java:41)
	at org.junit.platform.engine.support.hierarchical.NodeTestTask.lambda$executeRecursively$6(NodeTestTask.java:155)
	at org.junit.platform.engine.support.hierarchical.ThrowableCollector.execute(ThrowableCollector.java:73)
	at org.junit.platform.engine.support.hierarchical.NodeTestTask.lambda$executeRecursively$8(NodeTestTask.java:141)
	at org.junit.platform.engine.support.hierarchical.Node.around(Node.java:137)
	at org.junit.platform.engine.support.hierarchical.NodeTestTask.lambda$executeRecursively$9(NodeTestTask.java:139)
	at org.junit.platform.engine.support.hierarchical.ThrowableCollector.execute(ThrowableCollector.java:73)
	at org.junit.platform.engine.support.hierarchical.NodeTestTask.executeRecursively(NodeTestTask.java:138)
	at org.junit.platform.engine.support.hierarchical.NodeTestTask.execute(NodeTestTask.java:95)
	at org.junit.platform.engine.support.hierarchical.SameThreadHierarchicalTestExecutorService.submit(SameThreadHierarchicalTestExecutorService.java:35)
	at org.junit.platform.engine.support.hierarchical.HierarchicalTestExecutor.execute(HierarchicalTestExecutor.java:57)
	at org.junit.platform.engine.support.hierarchical.HierarchicalTestEngine.execute(HierarchicalTestEngine.java:54)
	at org.junit.platform.launcher.core.EngineExecutionOrchestrator.execute(EngineExecutionOrchestrator.java:198)
	at org.junit.platform.launcher.core.EngineExecutionOrchestrator.execute(EngineExecutionOrchestrator.java:169)
	at org.junit.platform.launcher.core.EngineExecutionOrchestrator.execute(EngineExecutionOrchestrator.java:93)
	at org.junit.platform.launcher.core.EngineExecutionOrchestrator.lambda$execute$0(EngineExecutionOrchestrator.java:58)
	at org.junit.platform.launcher.core.EngineExecutionOrchestrator.withInterceptedStreams(EngineExecutionOrchestrator.java:141)
	at org.junit.platform.launcher.core.EngineExecutionOrchestrator.execute(EngineExecutionOrchestrator.java:57)
	at org.junit.platform.launcher.core.DefaultLauncher.execute(DefaultLauncher.java:103)
	at org.junit.platform.launcher.core.DefaultLauncher.execute(DefaultLauncher.java:85)
	at org.junit.platform.launcher.core.DelegatingLauncher.execute(DelegatingLauncher.java:47)
	at org.apache.maven.surefire.junitplatform.LazyLauncher.execute(LazyLauncher.java:56)
	at org.apache.maven.surefire.junitplatform.JUnitPlatformProvider.execute(JUnitPlatformProvider.java:184)
	at org.apache.maven.surefire.junitplatform.JUnitPlatformProvider.invokeAllTests(JUnitPlatformProvider.java:148)
	at org.apache.maven.surefire.junitplatform.JUnitPlatformProvider.invoke(JUnitPlatformProvider.java:122)
	at org.apache.maven.surefire.booter.ForkedBooter.runSuitesInProcess(ForkedBooter.java:385)
	at org.apache.maven.surefire.booter.ForkedBooter.execute(ForkedBooter.java:162)
	at org.apache.maven.surefire.booter.ForkedBooter.run(ForkedBooter.java:507)
	at org.apache.maven.surefire.booter.ForkedBooter.main(ForkedBooter.java:495)
]]></system-out>
    <system-err><![CDATA[WARNING: A Java agent has been loaded dynamically (/home/silas-santos/.m2/repository/net/bytebuddy/byte-buddy-agent/1.14.10/byte-buddy-agent-1.14.10.jar)
WARNING: If a serviceability tool is in use, please run with -XX:+EnableDynamicAgentLoading to hide this warning
WARNING: If a serviceability tool is not in use, please run with -Djdk.instrument.traceUsage for more information
WARNING: Dynamic loading of agents will be disallowed by default in a future release
]]></system-err>
  </testcase>
  <testcase name="deveCadastrarAgenciaSemCodigo" classname="com.santander.agencia.service.AgenciaServiceTest" time="0.048">
    <system-out><![CDATA[14:16:07.156 [main] INFO com.santander.agencia.service.AgenciaService -- Iniciando cadastro de agência na posição (10.0, -5.0)
14:16:07.161 [main] INFO com.santander.agencia.service.AgenciaService -- Agência cadastrada com sucesso - ID: 1, Nome: Agência Teste
]]></system-out>
  </testcase>
  <testcase name="deveInativarAgenciaComSucesso" classname="com.santander.agencia.service.AgenciaServiceTest" time="0.011">
    <system-out><![CDATA[14:16:07.200 [main] INFO com.santander.agencia.service.AgenciaService -- Inativando agência com ID: 1
14:16:07.201 [main] INFO com.santander.agencia.service.AgenciaService -- Buscando agência por ID: 1
14:16:07.204 [main] INFO com.santander.agencia.service.AgenciaService -- Agência Agência Teste inativada com sucesso
]]></system-out>
  </testcase>
  <testcase name="deveBuscarAgenciasDentroDoRaio" classname="com.santander.agencia.service.AgenciaServiceTest" time="0.022">
    <system-out><![CDATA[14:16:07.212 [main] INFO com.santander.agencia.service.AgenciaService -- Buscando agências dentro do raio 10.0 da posição (0.0, 0.0)
14:16:07.229 [main] INFO com.santander.agencia.service.AgenciaService -- Encontradas 2 agências dentro do raio 10.0 da posição (0.0, 0.0)
]]></system-out>
  </testcase>
  <testcase name="deveBuscarAgenciaPorCodigo" classname="com.santander.agencia.service.AgenciaServiceTest" time="0.007">
    <system-out><![CDATA[14:16:07.237 [main] INFO com.santander.agencia.service.AgenciaService -- Buscando agência por código: 001
]]></system-out>
  </testcase>
  <testcase name="deveLancarExcecaoAoInativarAgenciaInexistente" classname="com.santander.agencia.service.AgenciaServiceTest" time="0.009">
    <system-out><![CDATA[14:16:07.248 [main] INFO com.santander.agencia.service.AgenciaService -- Inativando agência com ID: 999
14:16:07.248 [main] INFO com.santander.agencia.service.AgenciaService -- Buscando agência por ID: 999
]]></system-out>
  </testcase>
  <testcase name="deveObterEstatisticasDoSistema" classname="com.santander.agencia.service.AgenciaServiceTest" time="0.005">
    <error type="java.lang.NullPointerException"><![CDATA[java.lang.NullPointerException
	at java.base/java.util.Objects.requireNonNull(Objects.java:233)
	at java.base/java.util.ImmutableCollections$MapN.<init>(ImmutableCollections.java:1193)
	at java.base/java.util.Map.of(Map.java:1431)
	at com.santander.agencia.service.AgenciaService.obterEstatisticas(AgenciaService.java:204)
	at com.santander.agencia.service.AgenciaServiceTest.deveObterEstatisticasDoSistema(AgenciaServiceTest.java:258)
	at java.base/java.lang.reflect.Method.invoke(Method.java:580)
	at java.base/java.util.ArrayList.forEach(ArrayList.java:1596)
	at java.base/java.util.ArrayList.forEach(ArrayList.java:1596)
]]></error>
    <system-out><![CDATA[14:16:07.257 [main] INFO com.santander.agencia.service.AgenciaService -- Obtendo estatísticas do sistema
]]></system-out>
  </testcase>
  <testcase name="deveCadastrarAgenciaComSucesso" classname="com.santander.agencia.service.AgenciaServiceTest" time="0.006">
    <system-out><![CDATA[14:16:07.265 [main] INFO com.santander.agencia.service.AgenciaService -- Iniciando cadastro de agência na posição (10.0, -5.0)
14:16:07.266 [main] INFO com.santander.agencia.service.AgenciaService -- Agência cadastrada com sucesso - ID: 1, Nome: Agência Teste
]]></system-out>
  </testcase>
  <testcase name="deveLancarExcecaoQuandoAgenciaNaoEncontradaPorCodigo" classname="com.santander.agencia.service.AgenciaServiceTest" time="0.007">
    <system-out><![CDATA[14:16:07.275 [main] INFO com.santander.agencia.service.AgenciaService -- Buscando agência por código: 999
]]></system-out>
  </testcase>
  <testcase name="deveLancarExcecaoQuandoAgenciaNaoEncontradaPorId" classname="com.santander.agencia.service.AgenciaServiceTest" time="0.004">
    <system-out><![CDATA[14:16:07.281 [main] INFO com.santander.agencia.service.AgenciaService -- Buscando agência por ID: 999
]]></system-out>
  </testcase>
  <testcase name="deveListarAgenciasComPaginacao" classname="com.santander.agencia.service.AgenciaServiceTest" time="0.008">
    <system-out><![CDATA[14:16:07.289 [main] INFO com.santander.agencia.service.AgenciaService -- Listando agências - página: 0, tamanho: 10
]]></system-out>
  </testcase>
  <testcase name="deveBuscarAgenciaPorId" classname="com.santander.agencia.service.AgenciaServiceTest" time="0.004">
    <system-out><![CDATA[14:16:07.297 [main] INFO com.santander.agencia.service.AgenciaService -- Buscando agência por ID: 1
]]></system-out>
  </testcase>
  <testcase name="deveLancarExcecaoQuandoCodigoJaExiste" classname="com.santander.agencia.service.AgenciaServiceTest" time="0.007">
    <system-out><![CDATA[14:16:07.304 [main] INFO com.santander.agencia.service.AgenciaService -- Iniciando cadastro de agência na posição (10.0, -5.0)
]]></system-out>
  </testcase>
</testsuite>