<?xml version="1.0" encoding="UTF-8"?>
<testsuite xmlns:xsi="http://www.w3.org/2001/XMLSchema-instance" xsi:noNamespaceSchemaLocation="https://maven.apache.org/surefire/maven-surefire-plugin/xsd/surefire-test-report-3.0.xsd" version="3.0" name="com.santander.agencia.controller.AgenciaControllerTest" time="3.384" tests="12" errors="3" skipped="0" failures="0">
  <properties>
[...]
</properties>
  <testcase name="deveBuscarAgenciasProximasComSucesso" classname="com.santander.agencia.controller.AgenciaControllerTest" time="2.696">
    <system-out><![CDATA[14:16:08.141 [main] INFO org.hibernate.validator.internal.util.Version -- HV000001: Hibernate Validator 8.0.1.Final
14:16:09.541 [main] INFO org.springframework.mock.web.MockServletContext -- Initializing Spring TestDispatcherServlet ''
14:16:09.542 [main] INFO org.springframework.test.web.servlet.TestDispatcherServlet -- Initializing Servlet ''
14:16:09.550 [main] INFO org.springframework.test.web.servlet.TestDispatcherServlet -- Completed initialization in 7 ms
14:16:09.762 [main] INFO com.santander.agencia.controller.AgenciaController -- Recebida requisição para buscar agências próximas à posição (-10.0, 5.0)
14:16:09.764 [main] INFO com.santander.agencia.controller.AgenciaController -- Consulta realizada com sucesso - 3 agências encontradas
]]></system-out>
  </testcase>
  <testcase name="deveRetornarErro500ParaExcecaoInterna" classname="com.santander.agencia.controller.AgenciaControllerTest" time="0.05">
    <error message="Request processing failed: java.lang.RuntimeException: Erro interno do servidor" type="jakarta.servlet.ServletException"><![CDATA[jakarta.servlet.ServletException: Request processing failed: java.lang.RuntimeException: Erro interno do servidor
	at org.springframework.web.servlet.FrameworkServlet.processRequest(FrameworkServlet.java:1022)
	at org.springframework.web.servlet.FrameworkServlet.doGet(FrameworkServlet.java:903)
	at jakarta.servlet.http.HttpServlet.service(HttpServlet.java:564)
	at org.springframework.web.servlet.FrameworkServlet.service(FrameworkServlet.java:885)
	at org.springframework.test.web.servlet.TestDispatcherServlet.service(TestDispatcherServlet.java:72)
	at jakarta.servlet.http.HttpServlet.service(HttpServlet.java:658)
	at org.springframework.mock.web.MockFilterChain$ServletFilterProxy.doFilter(MockFilterChain.java:165)
	at org.springframework.mock.web.MockFilterChain.doFilter(MockFilterChain.java:132)
	at org.springframework.test.web.servlet.MockMvc.perform(MockMvc.java:201)
	at com.santander.agencia.controller.AgenciaControllerTest.deveRetornarErro500ParaExcecaoInterna(AgenciaControllerTest.java:278)
	at java.base/java.lang.reflect.Method.invoke(Method.java:580)
	at java.base/java.util.ArrayList.forEach(ArrayList.java:1596)
	at java.base/java.util.ArrayList.forEach(ArrayList.java:1596)
Caused by: java.lang.RuntimeException: Erro interno do servidor
	at com.santander.agencia.controller.AgenciaController.buscarAgenciasProximas(AgenciaController.java:206)
	at java.base/jdk.internal.reflect.DirectMethodHandleAccessor.invoke(DirectMethodHandleAccessor.java:103)
	at java.base/java.lang.reflect.Method.invoke(Method.java:580)
	at org.springframework.web.method.support.InvocableHandlerMethod.doInvoke(InvocableHandlerMethod.java:254)
	at org.springframework.web.method.support.InvocableHandlerMethod.invokeForRequest(InvocableHandlerMethod.java:182)
	at org.springframework.web.servlet.mvc.method.annotation.ServletInvocableHandlerMethod.invokeAndHandle(ServletInvocableHandlerMethod.java:118)
	at org.springframework.web.servlet.mvc.method.annotation.RequestMappingHandlerAdapter.invokeHandlerMethod(RequestMappingHandlerAdapter.java:917)
	at org.springframework.web.servlet.mvc.method.annotation.RequestMappingHandlerAdapter.handleInternal(RequestMappingHandlerAdapter.java:829)
	at org.springframework.web.servlet.mvc.method.AbstractHandlerMethodAdapter.handle(AbstractHandlerMethodAdapter.java:87)
	at org.springframework.web.servlet.DispatcherServlet.doDispatch(DispatcherServlet.java:1089)
	at org.springframework.web.servlet.DispatcherServlet.doService(DispatcherServlet.java:979)
	at org.springframework.web.servlet.FrameworkServlet.processRequest(FrameworkServlet.java:1014)
	... 12 more
Caused by: java.lang.RuntimeException: Erro interno
	at com.santander.agencia.service.AgenciaService.buscarAgenciasProximas(AgenciaService.java:83)
	at com.santander.agencia.controller.AgenciaController.buscarAgenciasProximas(AgenciaController.java:197)
	... 23 more
]]></error>
    <system-out><![CDATA[14:16:10.066 [main] INFO org.springframework.mock.web.MockServletContext -- Initializing Spring TestDispatcherServlet ''
14:16:10.066 [main] INFO org.springframework.test.web.servlet.TestDispatcherServlet -- Initializing Servlet ''
14:16:10.066 [main] INFO org.springframework.test.web.servlet.TestDispatcherServlet -- Completed initialization in 0 ms
14:16:10.070 [main] INFO com.santander.agencia.controller.AgenciaController -- Recebida requisição para buscar agências próximas à posição (0.0, 0.0)
14:16:10.071 [main] ERROR com.santander.agencia.controller.AgenciaController -- Erro ao buscar agências próximas: Erro interno
java.lang.RuntimeException: Erro interno
	at com.santander.agencia.service.AgenciaService.buscarAgenciasProximas(AgenciaService.java:83)
	at com.santander.agencia.controller.AgenciaController.buscarAgenciasProximas(AgenciaController.java:197)
	at java.base/jdk.internal.reflect.DirectMethodHandleAccessor.invoke(DirectMethodHandleAccessor.java:103)
	at java.base/java.lang.reflect.Method.invoke(Method.java:580)
	at org.springframework.web.method.support.InvocableHandlerMethod.doInvoke(InvocableHandlerMethod.java:254)
	at org.springframework.web.method.support.InvocableHandlerMethod.invokeForRequest(InvocableHandlerMethod.java:182)
	at org.springframework.web.servlet.mvc.method.annotation.ServletInvocableHandlerMethod.invokeAndHandle(ServletInvocableHandlerMethod.java:118)
	at org.springframework.web.servlet.mvc.method.annotation.RequestMappingHandlerAdapter.invokeHandlerMethod(RequestMappingHandlerAdapter.java:917)
	at org.springframework.web.servlet.mvc.method.annotation.RequestMappingHandlerAdapter.handleInternal(RequestMappingHandlerAdapter.java:829)
	at org.springframework.web.servlet.mvc.method.AbstractHandlerMethodAdapter.handle(AbstractHandlerMethodAdapter.java:87)
	at org.springframework.web.servlet.DispatcherServlet.doDispatch(DispatcherServlet.java:1089)
	at org.springframework.web.servlet.DispatcherServlet.doService(DispatcherServlet.java:979)
	at org.springframework.web.servlet.FrameworkServlet.processRequest(FrameworkServlet.java:1014)
	at org.springframework.web.servlet.FrameworkServlet.doGet(FrameworkServlet.java:903)
	at jakarta.servlet.http.HttpServlet.service(HttpServlet.java:564)
	at org.springframework.web.servlet.FrameworkServlet.service(FrameworkServlet.java:885)
	at org.springframework.test.web.servlet.TestDispatcherServlet.service(TestDispatcherServlet.java:72)
	at jakarta.servlet.http.HttpServlet.service(HttpServlet.java:658)
	at org.springframework.mock.web.MockFilterChain$ServletFilterProxy.doFilter(MockFilterChain.java:165)
	at org.springframework.mock.web.MockFilterChain.doFilter(MockFilterChain.java:132)
	at org.springframework.test.web.servlet.MockMvc.perform(MockMvc.java:201)
	at com.santander.agencia.controller.AgenciaControllerTest.deveRetornarErro500ParaExcecaoInterna(AgenciaControllerTest.java:278)
	at java.base/jdk.internal.reflect.DirectMethodHandleAccessor.invoke(DirectMethodHandleAccessor.java:103)
	at java.base/java.lang.reflect.Method.invoke(Method.java:580)
	at org.junit.platform.commons.util.ReflectionUtils.invokeMethod(ReflectionUtils.java:728)
	at org.junit.jupiter.engine.execution.MethodInvocation.proceed(MethodInvocation.java:60)
	at org.junit.jupiter.engine.execution.InvocationInterceptorChain$ValidatingInvocation.proceed(InvocationInterceptorChain.java:131)
	at org.junit.jupiter.engine.extension.TimeoutExtension.intercept(TimeoutExtension.java:156)
	at org.junit.jupiter.engine.extension.TimeoutExtension.interceptTestableMethod(TimeoutExtension.java:147)
	at org.junit.jupiter.engine.extension.TimeoutExtension.interceptTestMethod(TimeoutExtension.java:86)
	at org.junit.jupiter.engine.execution.InterceptingExecutableInvoker$ReflectiveInterceptorCall.lambda$ofVoidMethod$0(InterceptingExecutableInvoker.java:103)
	at org.junit.jupiter.engine.execution.InterceptingExecutableInvoker.lambda$invoke$0(InterceptingExecutableInvoker.java:93)
	at org.junit.jupiter.engine.execution.InvocationInterceptorChain$InterceptedInvocation.proceed(InvocationInterceptorChain.java:106)
	at org.junit.jupiter.engine.execution.InvocationInterceptorChain.proceed(InvocationInterceptorChain.java:64)
	at org.junit.jupiter.engine.execution.InvocationInterceptorChain.chainAndInvoke(InvocationInterceptorChain.java:45)
	at org.junit.jupiter.engine.execution.InvocationInterceptorChain.invoke(InvocationInterceptorChain.java:37)
	at org.junit.jupiter.engine.execution.InterceptingExecutableInvoker.invoke(InterceptingExecutableInvoker.java:92)
	at org.junit.jupiter.engine.execution.InterceptingExecutableInvoker.invoke(InterceptingExecutableInvoker.java:86)
	at org.junit.jupiter.engine.descriptor.TestMethodTestDescriptor.lambda$invokeTestMethod$7(TestMethodTestDescriptor.java:218)
	at org.junit.platform.engine.support.hierarchical.ThrowableCollector.execute(ThrowableCollector.java:73)
	at org.junit.jupiter.engine.descriptor.TestMethodTestDescriptor.invokeTestMethod(TestMethodTestDescriptor.java:214)
	at org.junit.jupiter.engine.descriptor.TestMethodTestDescriptor.execute(TestMethodTestDescriptor.java:139)
	at org.junit.jupiter.engine.descriptor.TestMethodTestDescriptor.execute(TestMethodTestDescriptor.java:69)
	at org.junit.platform.engine.support.hierarchical.NodeTestTask.lambda$executeRecursively$6(NodeTestTask.java:151)
	at org.junit.platform.engine.support.hierarchical.ThrowableCollector.execute(ThrowableCollector.java:73)
	at org.junit.platform.engine.support.hierarchical.NodeTestTask.lambda$executeRecursively$8(NodeTestTask.java:141)
	at org.junit.platform.engine.support.hierarchical.Node.around(Node.java:137)
	at org.junit.platform.engine.support.hierarchical.NodeTestTask.lambda$executeRecursively$9(NodeTestTask.java:139)
	at org.junit.platform.engine.support.hierarchical.ThrowableCollector.execute(ThrowableCollector.java:73)
	at org.junit.platform.engine.support.hierarchical.NodeTestTask.executeRecursively(NodeTestTask.java:138)
	at org.junit.platform.engine.support.hierarchical.NodeTestTask.execute(NodeTestTask.java:95)
	at java.base/java.util.ArrayList.forEach(ArrayList.java:1596)
	at org.junit.platform.engine.support.hierarchical.SameThreadHierarchicalTestExecutorService.invokeAll(SameThreadHierarchicalTestExecutorService.java:41)
	at org.junit.platform.engine.support.hierarchical.NodeTestTask.lambda$executeRecursively$6(NodeTestTask.java:155)
	at org.junit.platform.engine.support.hierarchical.ThrowableCollector.execute(ThrowableCollector.java:73)
	at org.junit.platform.engine.support.hierarchical.NodeTestTask.lambda$executeRecursively$8(NodeTestTask.java:141)
	at org.junit.platform.engine.support.hierarchical.Node.around(Node.java:137)
	at org.junit.platform.engine.support.hierarchical.NodeTestTask.lambda$executeRecursively$9(NodeTestTask.java:139)
	at org.junit.platform.engine.support.hierarchical.ThrowableCollector.execute(ThrowableCollector.java:73)
	at org.junit.platform.engine.support.hierarchical.NodeTestTask.executeRecursively(NodeTestTask.java:138)
	at org.junit.platform.engine.support.hierarchical.NodeTestTask.execute(NodeTestTask.java:95)
	at java.base/java.util.ArrayList.forEach(ArrayList.java:1596)
	at org.junit.platform.engine.support.hierarchical.SameThreadHierarchicalTestExecutorService.invokeAll(SameThreadHierarchicalTestExecutorService.java:41)
	at org.junit.platform.engine.support.hierarchical.NodeTestTask.lambda$executeRecursively$6(NodeTestTask.java:155)
	at org.junit.platform.engine.support.hierarchical.ThrowableCollector.execute(ThrowableCollector.java:73)
	at org.junit.platform.engine.support.hierarchical.NodeTestTask.lambda$executeRecursively$8(NodeTestTask.java:141)
	at org.junit.platform.engine.support.hierarchical.Node.around(Node.java:137)
	at org.junit.platform.engine.support.hierarchical.NodeTestTask.lambda$executeRecursively$9(NodeTestTask.java:139)
	at org.junit.platform.engine.support.hierarchical.ThrowableCollector.execute(ThrowableCollector.java:73)
	at org.junit.platform.engine.support.hierarchical.NodeTestTask.executeRecursively(NodeTestTask.java:138)
	at org.junit.platform.engine.support.hierarchical.NodeTestTask.execute(NodeTestTask.java:95)
	at org.junit.platform.engine.support.hierarchical.SameThreadHierarchicalTestExecutorService.submit(SameThreadHierarchicalTestExecutorService.java:35)
	at org.junit.platform.engine.support.hierarchical.HierarchicalTestExecutor.execute(HierarchicalTestExecutor.java:57)
	at org.junit.platform.engine.support.hierarchical.HierarchicalTestEngine.execute(HierarchicalTestEngine.java:54)
	at org.junit.platform.launcher.core.EngineExecutionOrchestrator.execute(EngineExecutionOrchestrator.java:198)
	at org.junit.platform.launcher.core.EngineExecutionOrchestrator.execute(EngineExecutionOrchestrator.java:169)
	at org.junit.platform.launcher.core.EngineExecutionOrchestrator.execute(EngineExecutionOrchestrator.java:93)
	at org.junit.platform.launcher.core.EngineExecutionOrchestrator.lambda$execute$0(EngineExecutionOrchestrator.java:58)
	at org.junit.platform.launcher.core.EngineExecutionOrchestrator.withInterceptedStreams(EngineExecutionOrchestrator.java:141)
	at org.junit.platform.launcher.core.EngineExecutionOrchestrator.execute(EngineExecutionOrchestrator.java:57)
	at org.junit.platform.launcher.core.DefaultLauncher.execute(DefaultLauncher.java:103)
	at org.junit.platform.launcher.core.DefaultLauncher.execute(DefaultLauncher.java:85)
	at org.junit.platform.launcher.core.DelegatingLauncher.execute(DelegatingLauncher.java:47)
	at org.apache.maven.surefire.junitplatform.LazyLauncher.execute(LazyLauncher.java:56)
	at org.apache.maven.surefire.junitplatform.JUnitPlatformProvider.execute(JUnitPlatformProvider.java:184)
	at org.apache.maven.surefire.junitplatform.JUnitPlatformProvider.invokeAllTests(JUnitPlatformProvider.java:148)
	at org.apache.maven.surefire.junitplatform.JUnitPlatformProvider.invoke(JUnitPlatformProvider.java:122)
	at org.apache.maven.surefire.booter.ForkedBooter.runSuitesInProcess(ForkedBooter.java:385)
	at org.apache.maven.surefire.booter.ForkedBooter.execute(ForkedBooter.java:162)
	at org.apache.maven.surefire.booter.ForkedBooter.run(ForkedBooter.java:507)
	at org.apache.maven.surefire.booter.ForkedBooter.main(ForkedBooter.java:495)
]]></system-out>
  </testcase>
  <testcase name="deveBuscarAgenciasDentroDoRaioComSucesso" classname="com.santander.agencia.controller.AgenciaControllerTest" time="0.041">
    <system-out><![CDATA[14:16:10.115 [main] INFO org.springframework.mock.web.MockServletContext -- Initializing Spring TestDispatcherServlet ''
14:16:10.115 [main] INFO org.springframework.test.web.servlet.TestDispatcherServlet -- Initializing Servlet ''
14:16:10.115 [main] INFO org.springframework.test.web.servlet.TestDispatcherServlet -- Completed initialization in 0 ms
14:16:10.120 [main] INFO com.santander.agencia.controller.AgenciaController -- Recebida requisição para buscar agências dentro do raio 10.0 da posição (0.0, 0.0)
14:16:10.121 [main] INFO com.santander.agencia.controller.AgenciaController -- Consulta por raio realizada com sucesso - 1 agências encontradas
]]></system-out>
  </testcase>
  <testcase name="deveObterEstatisticasDoSistema" classname="com.santander.agencia.controller.AgenciaControllerTest" time="0.035">
    <system-out><![CDATA[14:16:10.157 [main] INFO org.springframework.mock.web.MockServletContext -- Initializing Spring TestDispatcherServlet ''
14:16:10.158 [main] INFO org.springframework.test.web.servlet.TestDispatcherServlet -- Initializing Servlet ''
14:16:10.158 [main] INFO org.springframework.test.web.servlet.TestDispatcherServlet -- Completed initialization in 0 ms
14:16:10.161 [main] INFO com.santander.agencia.controller.AgenciaController -- Recebida requisição para obter estatísticas do sistema
14:16:10.161 [main] INFO com.santander.agencia.controller.AgenciaController -- Estatísticas obtidas com sucesso
]]></system-out>
  </testcase>
  <testcase name="deveCadastrarAgenciaComSucesso" classname="com.santander.agencia.controller.AgenciaControllerTest" time="0.281">
    <system-out><![CDATA[14:16:10.192 [main] INFO org.springframework.mock.web.MockServletContext -- Initializing Spring TestDispatcherServlet ''
14:16:10.192 [main] INFO org.springframework.test.web.servlet.TestDispatcherServlet -- Initializing Servlet ''
14:16:10.193 [main] INFO org.springframework.test.web.servlet.TestDispatcherServlet -- Completed initialization in 1 ms
14:16:10.437 [main] INFO com.santander.agencia.controller.AgenciaController -- Recebida requisição para cadastrar agência na posição (10.0, -5.0)
14:16:10.438 [main] INFO com.santander.agencia.controller.AgenciaController -- Agência cadastrada com sucesso - ID: 1
]]></system-out>
  </testcase>
  <testcase name="deveRetornarErro400ParaDadosInvalidos" classname="com.santander.agencia.controller.AgenciaControllerTest" time="0.083">
    <system-out><![CDATA[14:16:10.471 [main] INFO org.springframework.mock.web.MockServletContext -- Initializing Spring TestDispatcherServlet ''
14:16:10.472 [main] INFO org.springframework.test.web.servlet.TestDispatcherServlet -- Initializing Servlet ''
14:16:10.472 [main] INFO org.springframework.test.web.servlet.TestDispatcherServlet -- Completed initialization in 0 ms
14:16:10.534 [main] WARN org.springframework.web.servlet.mvc.support.DefaultHandlerExceptionResolver -- Resolved [org.springframework.web.bind.MethodArgumentNotValidException: Validation failed for argument [0] in public org.springframework.http.ResponseEntity<com.santander.agencia.dto.CadastroAgenciaResponse> com.santander.agencia.controller.AgenciaController.cadastrarAgencia(com.santander.agencia.dto.CadastroAgenciaRequest) with 2 errors: [Field error in object 'cadastroAgenciaRequest' on field 'posX': rejected value [null]; codes [NotNull.cadastroAgenciaRequest.posX,NotNull.posX,NotNull.java.lang.Double,NotNull]; arguments [org.springframework.context.support.DefaultMessageSourceResolvable: codes [cadastroAgenciaRequest.posX,posX]; arguments []; default message [posX]]; default message [Posição X é obrigatória]] [Field error in object 'cadastroAgenciaRequest' on field 'posY': rejected value [null]; codes [NotNull.cadastroAgenciaRequest.posY,NotNull.posY,NotNull.java.lang.Double,NotNull]; arguments [org.springframework.context.support.DefaultMessageSourceResolvable: codes [cadastroAgenciaRequest.posY,posY]; arguments []; default message [posY]]; default message [Posição Y é obrigatória]] ]
]]></system-out>
  </testcase>
  <testcase name="deveRetornarErro400ParaAgenciaNaoEncontrada" classname="com.santander.agencia.controller.AgenciaControllerTest" time="0.024">
    <error message="Request processing failed: java.lang.IllegalArgumentException: Agência não encontrada com ID: 999" type="jakarta.servlet.ServletException"><![CDATA[jakarta.servlet.ServletException: Request processing failed: java.lang.IllegalArgumentException: Agência não encontrada com ID: 999
	at org.springframework.web.servlet.FrameworkServlet.processRequest(FrameworkServlet.java:1022)
	at org.springframework.web.servlet.FrameworkServlet.doGet(FrameworkServlet.java:903)
	at jakarta.servlet.http.HttpServlet.service(HttpServlet.java:564)
	at org.springframework.web.servlet.FrameworkServlet.service(FrameworkServlet.java:885)
	at org.springframework.test.web.servlet.TestDispatcherServlet.service(TestDispatcherServlet.java:72)
	at jakarta.servlet.http.HttpServlet.service(HttpServlet.java:658)
	at org.springframework.mock.web.MockFilterChain$ServletFilterProxy.doFilter(MockFilterChain.java:165)
	at org.springframework.mock.web.MockFilterChain.doFilter(MockFilterChain.java:132)
	at org.springframework.test.web.servlet.MockMvc.perform(MockMvc.java:201)
	at com.santander.agencia.controller.AgenciaControllerTest.deveRetornarErro400ParaAgenciaNaoEncontrada(AgenciaControllerTest.java:251)
	at java.base/java.lang.reflect.Method.invoke(Method.java:580)
	at java.base/java.util.ArrayList.forEach(ArrayList.java:1596)
	at java.base/java.util.ArrayList.forEach(ArrayList.java:1596)
Caused by: java.lang.IllegalArgumentException: Agência não encontrada com ID: 999
	at com.santander.agencia.service.AgenciaService.buscarAgenciaPorId(AgenciaService.java:173)
	at com.santander.agencia.controller.AgenciaController.buscarAgenciaPorId(AgenciaController.java:332)
	at java.base/jdk.internal.reflect.DirectMethodHandleAccessor.invoke(DirectMethodHandleAccessor.java:103)
	at java.base/java.lang.reflect.Method.invoke(Method.java:580)
	at org.springframework.web.method.support.InvocableHandlerMethod.doInvoke(InvocableHandlerMethod.java:254)
	at org.springframework.web.method.support.InvocableHandlerMethod.invokeForRequest(InvocableHandlerMethod.java:182)
	at org.springframework.web.servlet.mvc.method.annotation.ServletInvocableHandlerMethod.invokeAndHandle(ServletInvocableHandlerMethod.java:118)
	at org.springframework.web.servlet.mvc.method.annotation.RequestMappingHandlerAdapter.invokeHandlerMethod(RequestMappingHandlerAdapter.java:917)
	at org.springframework.web.servlet.mvc.method.annotation.RequestMappingHandlerAdapter.handleInternal(RequestMappingHandlerAdapter.java:829)
	at org.springframework.web.servlet.mvc.method.AbstractHandlerMethodAdapter.handle(AbstractHandlerMethodAdapter.java:87)
	at org.springframework.web.servlet.DispatcherServlet.doDispatch(DispatcherServlet.java:1089)
	at org.springframework.web.servlet.DispatcherServlet.doService(DispatcherServlet.java:979)
	at org.springframework.web.servlet.FrameworkServlet.processRequest(FrameworkServlet.java:1014)
	... 12 more
]]></error>
    <system-out><![CDATA[14:16:10.554 [main] INFO org.springframework.mock.web.MockServletContext -- Initializing Spring TestDispatcherServlet ''
14:16:10.554 [main] INFO org.springframework.test.web.servlet.TestDispatcherServlet -- Initializing Servlet ''
14:16:10.555 [main] INFO org.springframework.test.web.servlet.TestDispatcherServlet -- Completed initialization in 1 ms
14:16:10.559 [main] INFO com.santander.agencia.controller.AgenciaController -- Recebida requisição para buscar agência por ID: 999
14:16:10.560 [main] WARN com.santander.agencia.controller.AgenciaController -- Agência não encontrada com ID: 999
]]></system-out>
  </testcase>
  <testcase name="deveListarAgenciasComPaginacao" classname="com.santander.agencia.controller.AgenciaControllerTest" time="0.054">
    <system-out><![CDATA[14:16:10.579 [main] INFO org.springframework.mock.web.MockServletContext -- Initializing Spring TestDispatcherServlet ''
14:16:10.580 [main] INFO org.springframework.test.web.servlet.TestDispatcherServlet -- Initializing Servlet ''
14:16:10.580 [main] INFO org.springframework.test.web.servlet.TestDispatcherServlet -- Completed initialization in 0 ms
14:16:10.584 [main] INFO com.santander.agencia.controller.AgenciaController -- Recebida requisição para listar agências - página: 0, tamanho: 10
14:16:10.585 [main] INFO com.santander.agencia.controller.AgenciaController -- Listagem realizada com sucesso - 2 agências retornadas
]]></system-out>
  </testcase>
  <testcase name="deveListarAgenciasComParametrosPadrao" classname="com.santander.agencia.controller.AgenciaControllerTest" time="0.02">
    <system-out><![CDATA[14:16:10.632 [main] INFO org.springframework.mock.web.MockServletContext -- Initializing Spring TestDispatcherServlet ''
14:16:10.633 [main] INFO org.springframework.test.web.servlet.TestDispatcherServlet -- Initializing Servlet ''
14:16:10.633 [main] INFO org.springframework.test.web.servlet.TestDispatcherServlet -- Completed initialization in 0 ms
14:16:10.635 [main] INFO com.santander.agencia.controller.AgenciaController -- Recebida requisição para listar agências - página: 0, tamanho: 10
14:16:10.635 [main] INFO com.santander.agencia.controller.AgenciaController -- Listagem realizada com sucesso - 0 agências retornadas
]]></system-out>
  </testcase>
  <testcase name="deveBuscarAgenciaPorIdComSucesso" classname="com.santander.agencia.controller.AgenciaControllerTest" time="0.034">
    <system-out><![CDATA[14:16:10.659 [main] INFO org.springframework.mock.web.MockServletContext -- Initializing Spring TestDispatcherServlet ''
14:16:10.659 [main] INFO org.springframework.test.web.servlet.TestDispatcherServlet -- Initializing Servlet ''
14:16:10.660 [main] INFO org.springframework.test.web.servlet.TestDispatcherServlet -- Completed initialization in 1 ms
14:16:10.663 [main] INFO com.santander.agencia.controller.AgenciaController -- Recebida requisição para buscar agência por ID: 1
14:16:10.664 [main] INFO com.santander.agencia.controller.AgenciaController -- Agência encontrada: AGENCIA_1
]]></system-out>
  </testcase>
  <testcase name="deveRetornarErro400ParaParametrosAusentes" classname="com.santander.agencia.controller.AgenciaControllerTest" time="0.023">
    <system-out><![CDATA[14:16:10.692 [main] INFO org.springframework.mock.web.MockServletContext -- Initializing Spring TestDispatcherServlet ''
14:16:10.693 [main] INFO org.springframework.test.web.servlet.TestDispatcherServlet -- Initializing Servlet ''
14:16:10.693 [main] INFO org.springframework.test.web.servlet.TestDispatcherServlet -- Completed initialization in 0 ms
14:16:10.697 [main] WARN org.springframework.web.servlet.mvc.support.DefaultHandlerExceptionResolver -- Resolved [org.springframework.web.bind.MissingServletRequestParameterException: Required request parameter 'posY' for method parameter type Double is not present]
]]></system-out>
  </testcase>
  <testcase name="deveRetornarErro400ParaRaioInvalido" classname="com.santander.agencia.controller.AgenciaControllerTest" time="0.023">
    <error message="Request processing failed: java.lang.IllegalArgumentException: Parâmetros posX, posY e raio (positivo) são obrigatórios" type="jakarta.servlet.ServletException"><![CDATA[jakarta.servlet.ServletException: Request processing failed: java.lang.IllegalArgumentException: Parâmetros posX, posY e raio (positivo) são obrigatórios
	at org.springframework.web.servlet.FrameworkServlet.processRequest(FrameworkServlet.java:1022)
	at org.springframework.web.servlet.FrameworkServlet.doGet(FrameworkServlet.java:903)
	at jakarta.servlet.http.HttpServlet.service(HttpServlet.java:564)
	at org.springframework.web.servlet.FrameworkServlet.service(FrameworkServlet.java:885)
	at org.springframework.test.web.servlet.TestDispatcherServlet.service(TestDispatcherServlet.java:72)
	at jakarta.servlet.http.HttpServlet.service(HttpServlet.java:658)
	at org.springframework.mock.web.MockFilterChain$ServletFilterProxy.doFilter(MockFilterChain.java:165)
	at org.springframework.mock.web.MockFilterChain.doFilter(MockFilterChain.java:132)
	at org.springframework.test.web.servlet.MockMvc.perform(MockMvc.java:201)
	at com.santander.agencia.controller.AgenciaControllerTest.deveRetornarErro400ParaRaioInvalido(AgenciaControllerTest.java:261)
	at java.base/java.lang.reflect.Method.invoke(Method.java:580)
	at java.base/java.util.ArrayList.forEach(ArrayList.java:1596)
	at java.base/java.util.ArrayList.forEach(ArrayList.java:1596)
Caused by: java.lang.IllegalArgumentException: Parâmetros posX, posY e raio (positivo) são obrigatórios
	at com.santander.agencia.controller.AgenciaController.buscarAgenciasDentroDoRaio(AgenciaController.java:237)
	at java.base/jdk.internal.reflect.DirectMethodHandleAccessor.invoke(DirectMethodHandleAccessor.java:103)
	at java.base/java.lang.reflect.Method.invoke(Method.java:580)
	at org.springframework.web.method.support.InvocableHandlerMethod.doInvoke(InvocableHandlerMethod.java:254)
	at org.springframework.web.method.support.InvocableHandlerMethod.invokeForRequest(InvocableHandlerMethod.java:182)
	at org.springframework.web.servlet.mvc.method.annotation.ServletInvocableHandlerMethod.invokeAndHandle(ServletInvocableHandlerMethod.java:118)
	at org.springframework.web.servlet.mvc.method.annotation.RequestMappingHandlerAdapter.invokeHandlerMethod(RequestMappingHandlerAdapter.java:917)
	at org.springframework.web.servlet.mvc.method.annotation.RequestMappingHandlerAdapter.handleInternal(RequestMappingHandlerAdapter.java:829)
	at org.springframework.web.servlet.mvc.method.AbstractHandlerMethodAdapter.handle(AbstractHandlerMethodAdapter.java:87)
	at org.springframework.web.servlet.DispatcherServlet.doDispatch(DispatcherServlet.java:1089)
	at org.springframework.web.servlet.DispatcherServlet.doService(DispatcherServlet.java:979)
	at org.springframework.web.servlet.FrameworkServlet.processRequest(FrameworkServlet.java:1014)
	... 12 more
]]></error>
    <system-out><![CDATA[14:16:10.718 [main] INFO org.springframework.mock.web.MockServletContext -- Initializing Spring TestDispatcherServlet ''
14:16:10.718 [main] INFO org.springframework.test.web.servlet.TestDispatcherServlet -- Initializing Servlet ''
14:16:10.718 [main] INFO org.springframework.test.web.servlet.TestDispatcherServlet -- Completed initialization in 0 ms
14:16:10.720 [main] INFO com.santander.agencia.controller.AgenciaController -- Recebida requisição para buscar agências dentro do raio -10.0 da posição (0.0, 0.0)
]]></system-out>
  </testcase>
</testsuite>